<?xml version="1.0" encoding="UTF-8"?>
<testng-results ignored="0" total="1" passed="1" failed="0" skipped="0">
  <reporter-output>
  </reporter-output>
  <suite started-at="2022-10-20T06:59:37Z" name="Default suite" finished-at="2022-10-20T06:59:39Z" duration-ms="2875">
    <groups>
    </groups>
    <test started-at="2022-10-20T06:59:37Z" name="Default test" finished-at="2022-10-20T06:59:39Z" duration-ms="2875">
      <class name="testCases.TC001_GET">
        <test-method signature="getWeatherDetails()[pri:0, instance:testCases.TC001_GET@21129f1f]" started-at="2022-10-20T06:59:37Z" name="getWeatherDetails" finished-at="2022-10-20T06:59:39Z" duration-ms="2824" status="PASS">
          <reporter-output>
          </reporter-output>
        </test-method> <!-- getWeatherDetails -->
      </class> <!-- testCases.TC001_GET -->
    </test> <!-- Default test -->
  </suite> <!-- Default suite -->
</testng-results>
